<?xml version="1.0" encoding="UTF-8"?>
<!-- Generated by org.testng.reporters.JUnitReportReporter -->
<testsuite hostname="LAPTOP-F4LAP8LF" failures="0" tests="1" name="tests.Login_test" time="3.594" errors="0" timestamp="16 Aug 2018 02:43:36 GMT">
  <testcase classname="tests.Login_test" name="LoginApplication" time="3.594"/>
</testsuite> <!-- tests.Login_test -->
