<?xml version="1.0" encoding="UTF-8"?>
<!-- Generated by org.testng.reporters.JUnitReportReporter -->
<testsuite hostname="LAPTOP-F4LAP8LF" failures="0" tests="1" name="Screenshots.Screenshots" time="11.455" errors="0" timestamp="16 Aug 2018 01:31:30 GMT">
  <testcase classname="Screenshots.Screenshots" name="SetUp" time="11.455"/>
</testsuite> <!-- Screenshots.Screenshots -->
