<?xml version="1.0" encoding="UTF-8"?>
<!-- Generated by org.testng.reporters.JUnitReportReporter -->
<testsuite hostname="LAPTOP-F4LAP8LF" failures="0" tests="1" name="tests.Login_test" time="13.206" errors="0" timestamp="15 Aug 2018 13:25:47 GMT">
  <testcase classname="tests.Login_test" name="login_test" time="13.206"/>
</testsuite> <!-- tests.Login_test -->
